[2025-09-09 17:28:53] --- DADOS DO TEMPLATE ENVIADOS PARA O JAVASCRIPT ---


[2025-09-09 17:28:53] --- DADOS DOS CAMPOS ENVIADOS PARA O JAVASCRIPT ---
Array
(
)


[2025-09-09 17:29:14] --- DADOS RECEBIDOS PELA FUNÇÃO save_template_data_handler ---
Array
(
    [action] => bcek_save_template_data
    [nonce] => b3fa6b4729
    [template_id] => 0
    [name] => Novo Template
    [base_image_id] => 12654
    [base_image_url] => https://pluginsteste.unikothe.com.br/wp-content/uploads/2025/09/CRACHA-KOTHE-AGRICOLA-100.avif
    [category_id] => 1
    [fields] => Array
        (
            [0] => Array
                (
                    [id] => 0
                    [name] => Campo 1
                    [field_type] => text
                    [pos_x] => 266
                    [pos_y] => 869
                    [width] => 200
                    [height] => 50
                    [font_family] => Montserrat
                    [font_weight] => 700
                    [font_size] => 20
                    [font_color] => #000000
                    [alignment] => left
                    [default_text] => Novo Texto
                    [z_index_order] => 1
                    [container_shape] => rectangle
                )

        )

)


[2025-09-09 17:29:14] --- Dados a serem salvos na tabela de templates ---
Array
(
    [name] => Novo Template
    [base_image_id] => 12654
    [base_image_url] => https://pluginsteste.unikothe.com.br/wp-content/uploads/2025/09/CRACHA-KOTHE-AGRICOLA-100.avif
    [category_id] => 1
)


[2025-09-09 17:29:42] --- DADOS RECEBIDOS PELA FUNÇÃO save_template_data_handler ---
Array
(
    [action] => bcek_save_template_data
    [nonce] => b3fa6b4729
    [template_id] => 0
    [name] => Novo Template
    [base_image_id] => 12654
    [base_image_url] => https://pluginsteste.unikothe.com.br/wp-content/uploads/2025/09/CRACHA-KOTHE-AGRICOLA-100.avif
    [category_id] => 1
    [fields] => Array
        (
            [0] => Array
                (
                    [id] => 0
                    [name] => Campo 1
                    [field_type] => text
                    [pos_x] => 266
                    [pos_y] => 869
                    [width] => 200
                    [height] => 50
                    [font_family] => Montserrat
                    [font_weight] => 700
                    [font_size] => 20
                    [font_color] => #000000
                    [alignment] => left
                    [default_text] => Novo Texto
                    [z_index_order] => 1
                    [container_shape] => rectangle
                )

        )

)


[2025-09-09 17:29:42] --- Dados a serem salvos na tabela de templates ---
Array
(
    [name] => Novo Template
    [base_image_id] => 12654
    [base_image_url] => https://pluginsteste.unikothe.com.br/wp-content/uploads/2025/09/CRACHA-KOTHE-AGRICOLA-100.avif
    [category_id] => 1
)


[2025-09-09 17:30:00] --- DADOS DO TEMPLATE ENVIADOS PARA O JAVASCRIPT ---


[2025-09-09 17:30:00] --- DADOS DOS CAMPOS ENVIADOS PARA O JAVASCRIPT ---
Array
(
)


[2025-09-09 17:30:44] --- DADOS RECEBIDOS PELA FUNÇÃO save_template_data_handler ---
Array
(
    [action] => bcek_save_template_data
    [nonce] => b3fa6b4729
    [template_id] => 0
    [name] => Teste
    [base_image_id] => 12655
    [base_image_url] => https://pluginsteste.unikothe.com.br/wp-content/uploads/2025/09/CRACHA-KOTHE-AGRICOLA-101.avif
    [category_id] => 1
    [fields] => Array
        (
            [0] => Array
                (
                    [id] => 0
                    [name] => Campo 1
                    [field_type] => text
                    [pos_x] => 198
                    [pos_y] => 897
                    [width] => 220
                    [height] => 42
                    [font_family] => Montserrat
                    [font_weight] => 700
                    [font_size] => 20
                    [font_color] => #000000
                    [alignment] => left
                    [default_text] => Novo Texto
                    [z_index_order] => 1
                    [container_shape] => rectangle
                )

        )

)


[2025-09-09 17:30:44] --- Dados a serem salvos na tabela de templates ---
Array
(
    [name] => Teste
    [base_image_id] => 12655
    [base_image_url] => https://pluginsteste.unikothe.com.br/wp-content/uploads/2025/09/CRACHA-KOTHE-AGRICOLA-101.avif
    [category_id] => 1
)


[2025-09-09 17:40:58] --- DADOS DO TEMPLATE ENVIADOS PARA O JAVASCRIPT ---


[2025-09-09 17:40:58] --- DADOS DOS CAMPOS ENVIADOS PARA O JAVASCRIPT ---
Array
(
)


[2025-09-09 17:47:59] --- DADOS DO TEMPLATE ENVIADOS PARA O JAVASCRIPT ---


[2025-09-09 17:47:59] --- DADOS DOS CAMPOS ENVIADOS PARA O JAVASCRIPT ---
Array
(
)


[2025-09-09 17:48:17] --- DADOS RECEBIDOS PELA FUNÇÃO save_template_data_handler ---
Array
(
    [action] => bcek_save_template_data
    [nonce] => b3fa6b4729
    [template_id] => 0
    [name] => Novo Template
    [base_image_id] => 12656
    [base_image_url] => https://pluginsteste.unikothe.com.br/wp-content/uploads/2025/09/CRACHA-KOTHE-AGRICOLA-102.png
    [category_id] => 
    [fields] => Array
        (
            [0] => Array
                (
                    [id] => 0
                    [name] => Campo 1
                    [field_type] => text
                    [pos_x] => 259
                    [pos_y] => 877
                    [width] => 200
                    [height] => 50
                    [font_family] => Montserrat
                    [font_weight] => 700
                    [font_size] => 20
                    [font_color] => #000000
                    [alignment] => left
                    [default_text] => Novo Texto
                    [z_index_order] => 1
                    [container_shape] => rectangle
                )

        )

)


[2025-09-09 17:48:17] --- Dados a serem salvos na tabela de templates ---
Array
(
    [name] => Novo Template
    [base_image_id] => 12656
    [base_image_url] => https://pluginsteste.unikothe.com.br/wp-content/uploads/2025/09/CRACHA-KOTHE-AGRICOLA-102.png
    [category_id] => 
)


[2025-09-09 17:48:42] --- DADOS RECEBIDOS PELA FUNÇÃO save_template_data_handler ---
Array
(
    [action] => bcek_save_template_data
    [nonce] => b3fa6b4729
    [template_id] => 0
    [name] => teste
    [base_image_id] => 12656
    [base_image_url] => https://pluginsteste.unikothe.com.br/wp-content/uploads/2025/09/CRACHA-KOTHE-AGRICOLA-102.png
    [category_id] => 
    [fields] => Array
        (
            [0] => Array
                (
                    [id] => 0
                    [name] => Campo 1
                    [field_type] => text
                    [pos_x] => 259
                    [pos_y] => 877
                    [width] => 200
                    [height] => 50
                    [font_family] => Montserrat
                    [font_weight] => 700
                    [font_size] => 20
                    [font_color] => #000000
                    [alignment] => left
                    [default_text] => Novo Texto
                    [z_index_order] => 1
                    [container_shape] => rectangle
                )

        )

)


[2025-09-09 17:48:42] --- Dados a serem salvos na tabela de templates ---
Array
(
    [name] => teste
    [base_image_id] => 12656
    [base_image_url] => https://pluginsteste.unikothe.com.br/wp-content/uploads/2025/09/CRACHA-KOTHE-AGRICOLA-102.png
    [category_id] => 
)


[2025-09-09 17:50:06] --- DADOS RECEBIDOS PELA FUNÇÃO save_template_data_handler ---
Array
(
    [action] => bcek_save_template_data
    [nonce] => b3fa6b4729
    [template_id] => 0
    [name] => teste
    [base_image_id] => 12656
    [base_image_url] => https://pluginsteste.unikothe.com.br/wp-content/uploads/2025/09/CRACHA-KOTHE-AGRICOLA-102.png
    [category_id] => 
    [fields] => Array
        (
            [0] => Array
                (
                    [id] => 0
                    [name] => Campo 1
                    [field_type] => text
                    [pos_x] => 259
                    [pos_y] => 877
                    [width] => 200
                    [height] => 50
                    [font_family] => Montserrat
                    [font_weight] => 700
                    [font_size] => 20
                    [font_color] => #000000
                    [alignment] => left
                    [default_text] => Novo Texto
                    [z_index_order] => 1
                    [container_shape] => rectangle
                )

            [1] => Array
                (
                    [id] => 0
                    [name] => Campo 2
                    [field_type] => text
                    [pos_x] => 355
                    [pos_y] => 694
                    [width] => 268
                    [height] => 84
                    [font_family] => Montserrat
                    [font_weight] => 700
                    [font_size] => 20
                    [font_color] => #000000
                    [alignment] => left
                    [default_text] => Novo Texto
                    [z_index_order] => 1
                    [container_shape] => rectangle
                )

        )

)


[2025-09-09 17:50:06] --- Dados a serem salvos na tabela de templates ---
Array
(
    [name] => teste
    [base_image_id] => 12656
    [base_image_url] => https://pluginsteste.unikothe.com.br/wp-content/uploads/2025/09/CRACHA-KOTHE-AGRICOLA-102.png
    [category_id] => 
)


[2025-09-09 18:00:35] --- DADOS RECEBIDOS PELA FUNÇÃO save_template_data_handler ---
Array
(
    [action] => bcek_save_template_data
    [nonce] => b3fa6b4729
    [template_id] => 0
    [name] => teste
    [base_image_id] => 12656
    [base_image_url] => https://pluginsteste.unikothe.com.br/wp-content/uploads/2025/09/CRACHA-KOTHE-AGRICOLA-102.png
    [category_id] => 
    [fields] => Array
        (
            [0] => Array
                (
                    [id] => 0
                    [name] => Campo 1
                    [field_type] => text
                    [pos_x] => 259
                    [pos_y] => 877
                    [width] => 200
                    [height] => 50
                    [font_family] => Montserrat
                    [font_weight] => 700
                    [font_size] => 20
                    [font_color] => #000000
                    [alignment] => left
                    [default_text] => Novo Texto
                    [z_index_order] => 1
                    [container_shape] => rectangle
                )

            [1] => Array
                (
                    [id] => 0
                    [name] => Campo 2
                    [field_type] => text
                    [pos_x] => 355
                    [pos_y] => 694
                    [width] => 268
                    [height] => 84
                    [font_family] => Montserrat
                    [font_weight] => 700
                    [font_size] => 20
                    [font_color] => #000000
                    [alignment] => left
                    [default_text] => Novo Texto
                    [z_index_order] => 1
                    [container_shape] => rectangle
                )

        )

)


[2025-09-09 18:00:35] --- Dados a serem salvos na tabela de templates ---
Array
(
    [name] => teste
    [base_image_id] => 12656
    [base_image_url] => https://pluginsteste.unikothe.com.br/wp-content/uploads/2025/09/CRACHA-KOTHE-AGRICOLA-102.png
    [category_id] => 
)


[2025-09-09 18:00:35] --- ERRO DE INSERT NA BASE DE DADOS ---
Unknown column 'category_id' in 'INSERT INTO'

[2025-09-09 18:00:38] --- DADOS RECEBIDOS PELA FUNÇÃO save_template_data_handler ---
Array
(
    [action] => bcek_save_template_data
    [nonce] => b3fa6b4729
    [template_id] => 0
    [name] => teste
    [base_image_id] => 12656
    [base_image_url] => https://pluginsteste.unikothe.com.br/wp-content/uploads/2025/09/CRACHA-KOTHE-AGRICOLA-102.png
    [category_id] => 
    [fields] => Array
        (
            [0] => Array
                (
                    [id] => 0
                    [name] => Campo 1
                    [field_type] => text
                    [pos_x] => 259
                    [pos_y] => 877
                    [width] => 200
                    [height] => 50
                    [font_family] => Montserrat
                    [font_weight] => 700
                    [font_size] => 20
                    [font_color] => #000000
                    [alignment] => left
                    [default_text] => Novo Texto
                    [z_index_order] => 1
                    [container_shape] => rectangle
                )

            [1] => Array
                (
                    [id] => 0
                    [name] => Campo 2
                    [field_type] => text
                    [pos_x] => 355
                    [pos_y] => 694
                    [width] => 268
                    [height] => 84
                    [font_family] => Montserrat
                    [font_weight] => 700
                    [font_size] => 20
                    [font_color] => #000000
                    [alignment] => left
                    [default_text] => Novo Texto
                    [z_index_order] => 1
                    [container_shape] => rectangle
                )

        )

)


[2025-09-09 18:00:38] --- Dados a serem salvos na tabela de templates ---
Array
(
    [name] => teste
    [base_image_id] => 12656
    [base_image_url] => https://pluginsteste.unikothe.com.br/wp-content/uploads/2025/09/CRACHA-KOTHE-AGRICOLA-102.png
    [category_id] => 
)


[2025-09-09 18:00:38] --- ERRO DE INSERT NA BASE DE DADOS ---
Unknown column 'category_id' in 'INSERT INTO'

[2025-09-09 18:01:09] --- DADOS RECEBIDOS PELA FUNÇÃO save_template_data_handler ---
Array
(
    [action] => bcek_save_template_data
    [nonce] => b3fa6b4729
    [template_id] => 0
    [name] => teste
    [base_image_id] => 12656
    [base_image_url] => https://pluginsteste.unikothe.com.br/wp-content/uploads/2025/09/CRACHA-KOTHE-AGRICOLA-102.png
    [category_id] => 1
    [fields] => Array
        (
            [0] => Array
                (
                    [id] => 0
                    [name] => Campo 1
                    [field_type] => text
                    [pos_x] => 259
                    [pos_y] => 877
                    [width] => 200
                    [height] => 50
                    [font_family] => Montserrat
                    [font_weight] => 700
                    [font_size] => 20
                    [font_color] => #000000
                    [alignment] => left
                    [default_text] => Novo Texto
                    [z_index_order] => 1
                    [container_shape] => rectangle
                )

            [1] => Array
                (
                    [id] => 0
                    [name] => Campo 2
                    [field_type] => text
                    [pos_x] => 355
                    [pos_y] => 694
                    [width] => 268
                    [height] => 84
                    [font_family] => Montserrat
                    [font_weight] => 700
                    [font_size] => 20
                    [font_color] => #000000
                    [alignment] => left
                    [default_text] => Novo Texto
                    [z_index_order] => 1
                    [container_shape] => rectangle
                )

        )

)


[2025-09-09 18:01:09] --- Dados a serem salvos na tabela de templates ---
Array
(
    [name] => teste
    [base_image_id] => 12656
    [base_image_url] => https://pluginsteste.unikothe.com.br/wp-content/uploads/2025/09/CRACHA-KOTHE-AGRICOLA-102.png
    [category_id] => 1
)


[2025-09-09 18:01:09] --- ERRO DE INSERT NA BASE DE DADOS ---
Unknown column 'category_id' in 'INSERT INTO'

[2025-09-09 18:12:43] --- DADOS RECEBIDOS PELA FUNÇÃO save_template_data_handler ---
Array
(
    [action] => bcek_save_template_data
    [nonce] => b3fa6b4729
    [template_id] => 0
    [name] => teste
    [base_image_id] => 12656
    [base_image_url] => https://pluginsteste.unikothe.com.br/wp-content/uploads/2025/09/CRACHA-KOTHE-AGRICOLA-102.png
    [category_id] => 1
    [fields] => Array
        (
            [0] => Array
                (
                    [id] => 0
                    [name] => Campo 1
                    [field_type] => text
                    [pos_x] => 259
                    [pos_y] => 877
                    [width] => 200
                    [height] => 50
                    [font_family] => Montserrat
                    [font_weight] => 700
                    [font_size] => 20
                    [font_color] => #000000
                    [alignment] => left
                    [default_text] => Novo Texto
                    [z_index_order] => 1
                    [container_shape] => rectangle
                )

            [1] => Array
                (
                    [id] => 0
                    [name] => Campo 2
                    [field_type] => text
                    [pos_x] => 355
                    [pos_y] => 694
                    [width] => 268
                    [height] => 84
                    [font_family] => Montserrat
                    [font_weight] => 700
                    [font_size] => 20
                    [font_color] => #000000
                    [alignment] => left
                    [default_text] => Novo Texto
                    [z_index_order] => 1
                    [container_shape] => rectangle
                )

        )

)


[2025-09-09 18:12:43] --- Dados a serem salvos na tabela de templates ---
Array
(
    [name] => teste
    [base_image_id] => 12656
    [base_image_url] => https://pluginsteste.unikothe.com.br/wp-content/uploads/2025/09/CRACHA-KOTHE-AGRICOLA-102.png
    [category_id] => 1
)


[2025-09-09 18:12:46] --- DADOS DO TEMPLATE ENVIADOS PARA O JAVASCRIPT ---
stdClass Object
(
    [template_id] => 122
    [name] => teste
    [base_image_id] => 12656
    [base_image_url] => https://pluginsteste.unikothe.com.br/wp-content/uploads/2025/09/CRACHA-KOTHE-AGRICOLA-102.png
    [created_at] => 2025-09-09 18:12:43
    [category_id] => 1
)


[2025-09-09 18:12:46] --- DADOS DOS CAMPOS ENVIADOS PARA O JAVASCRIPT ---
Array
(
    [0] => stdClass Object
        (
            [field_id] => 190
            [template_id] => 122
            [pos_x] => 259
            [pos_y] => 877
            [width] => 200
            [height] => 50
            [font_family] => Montserrat
            [font_size] => 20
            [font_color] => #000000
            [alignment] => left
            [default_text] => Novo Texto
            [line_height_multiplier] => 1.3
            [field_type] => text
            [container_shape] => rectangle
            [z_index_order] => 1
            [field_order] => 0
            [is_debug_mode] => 0
            [font_weight] => 700
            [name] => Campo 1
        )

    [1] => stdClass Object
        (
            [field_id] => 191
            [template_id] => 122
            [pos_x] => 355
            [pos_y] => 694
            [width] => 268
            [height] => 84
            [font_family] => Montserrat
            [font_size] => 20
            [font_color] => #000000
            [alignment] => left
            [default_text] => Novo Texto
            [line_height_multiplier] => 1.3
            [field_type] => text
            [container_shape] => rectangle
            [z_index_order] => 1
            [field_order] => 0
            [is_debug_mode] => 0
            [font_weight] => 700
            [name] => Campo 2
        )

)


[2025-09-09 19:23:08] --- DADOS RECEBIDOS PELA FUNÇÃO save_template_data_handler ---
Array
(
    [action] => bcek_save_template_data
    [nonce] => b3fa6b4729
    [template_id] => 122
    [name] => teste
    [base_image_id] => 12656
    [base_image_url] => https://pluginsteste.unikothe.com.br/wp-content/uploads/2025/09/CRACHA-KOTHE-AGRICOLA-102.png
    [category_id] => 1
    [fields] => Array
        (
            [0] => Array
                (
                    [id] => 190
                    [name] => Campo 1
                    [field_type] => text
                    [pos_x] => 259
                    [pos_y] => 877
                    [width] => 200
                    [height] => 50
                    [font_family] => Montserrat
                    [font_weight] => 700
                    [font_size] => 20
                    [font_color] => #000000
                    [alignment] => left
                    [default_text] => Novo Texto
                    [z_index_order] => 1
                    [container_shape] => rectangle
                )

            [1] => Array
                (
                    [id] => 191
                    [name] => Campo 2
                    [field_type] => text
                    [pos_x] => 355
                    [pos_y] => 694
                    [width] => 268
                    [height] => 84
                    [font_family] => Montserrat
                    [font_weight] => 700
                    [font_size] => 20
                    [font_color] => #000000
                    [alignment] => left
                    [default_text] => Novo Texto
                    [z_index_order] => 1
                    [container_shape] => rectangle
                )

        )

)


[2025-09-09 19:23:08] --- Dados a serem salvos na tabela de templates ---
Array
(
    [name] => teste
    [base_image_id] => 12656
    [base_image_url] => https://pluginsteste.unikothe.com.br/wp-content/uploads/2025/09/CRACHA-KOTHE-AGRICOLA-102.png
    [category_id] => 1
)


[2025-09-09 19:23:10] --- DADOS DO TEMPLATE ENVIADOS PARA O JAVASCRIPT ---
stdClass Object
(
    [template_id] => 122
    [name] => teste
    [base_image_id] => 12656
    [base_image_url] => https://pluginsteste.unikothe.com.br/wp-content/uploads/2025/09/CRACHA-KOTHE-AGRICOLA-102.png
    [created_at] => 2025-09-09 18:12:43
    [category_id] => 1
)


[2025-09-09 19:23:10] --- DADOS DOS CAMPOS ENVIADOS PARA O JAVASCRIPT ---
Array
(
    [0] => stdClass Object
        (
            [field_id] => 190
            [template_id] => 122
            [pos_x] => 259
            [pos_y] => 877
            [width] => 200
            [height] => 50
            [font_family] => Montserrat
            [font_size] => 20
            [font_color] => #000000
            [alignment] => left
            [default_text] => Novo Texto
            [line_height_multiplier] => 1.3
            [field_type] => text
            [container_shape] => rectangle
            [z_index_order] => 1
            [field_order] => 0
            [is_debug_mode] => 0
            [font_weight] => 700
            [name] => Campo 1
        )

    [1] => stdClass Object
        (
            [field_id] => 191
            [template_id] => 122
            [pos_x] => 355
            [pos_y] => 694
            [width] => 268
            [height] => 84
            [font_family] => Montserrat
            [font_size] => 20
            [font_color] => #000000
            [alignment] => left
            [default_text] => Novo Texto
            [line_height_multiplier] => 1.3
            [field_type] => text
            [container_shape] => rectangle
            [z_index_order] => 1
            [field_order] => 0
            [is_debug_mode] => 0
            [font_weight] => 700
            [name] => Campo 2
        )

)


[2025-09-09 19:23:14] --- DADOS DO TEMPLATE ENVIADOS PARA O JAVASCRIPT ---


[2025-09-09 19:23:14] --- DADOS DOS CAMPOS ENVIADOS PARA O JAVASCRIPT ---
Array
(
)


[2025-09-09 19:23:20] --- DADOS DO TEMPLATE ENVIADOS PARA O JAVASCRIPT ---
stdClass Object
(
    [template_id] => 122
    [name] => teste
    [base_image_id] => 12656
    [base_image_url] => https://pluginsteste.unikothe.com.br/wp-content/uploads/2025/09/CRACHA-KOTHE-AGRICOLA-102.png
    [created_at] => 2025-09-09 18:12:43
    [category_id] => 1
)


[2025-09-09 19:23:20] --- DADOS DOS CAMPOS ENVIADOS PARA O JAVASCRIPT ---
Array
(
    [0] => stdClass Object
        (
            [field_id] => 190
            [template_id] => 122
            [pos_x] => 259
            [pos_y] => 877
            [width] => 200
            [height] => 50
            [font_family] => Montserrat
            [font_size] => 20
            [font_color] => #000000
            [alignment] => left
            [default_text] => Novo Texto
            [line_height_multiplier] => 1.3
            [field_type] => text
            [container_shape] => rectangle
            [z_index_order] => 1
            [field_order] => 0
            [is_debug_mode] => 0
            [font_weight] => 700
            [name] => Campo 1
        )

    [1] => stdClass Object
        (
            [field_id] => 191
            [template_id] => 122
            [pos_x] => 355
            [pos_y] => 694
            [width] => 268
            [height] => 84
            [font_family] => Montserrat
            [font_size] => 20
            [font_color] => #000000
            [alignment] => left
            [default_text] => Novo Texto
            [line_height_multiplier] => 1.3
            [field_type] => text
            [container_shape] => rectangle
            [z_index_order] => 1
            [field_order] => 0
            [is_debug_mode] => 0
            [font_weight] => 700
            [name] => Campo 2
        )

)


[2025-09-09 19:24:32] --- DADOS DO TEMPLATE ENVIADOS PARA O JAVASCRIPT ---


[2025-09-09 19:24:32] --- DADOS DOS CAMPOS ENVIADOS PARA O JAVASCRIPT ---
Array
(
)


[2025-09-09 19:36:41] --- DADOS DO TEMPLATE A SEREM ENVIADOS (User Editor) ---
stdClass Object
(
    [template_id] => 122
    [name] => teste
    [base_image_id] => 12656
    [base_image_url] => https://pluginsteste.unikothe.com.br/wp-content/uploads/2025/09/CRACHA-KOTHE-AGRICOLA-102.png
    [created_at] => 2025-09-09 18:12:43
    [category_id] => 1
)


[2025-09-09 19:36:41] --- DADOS DOS CAMPOS A SEREM ENVIADOS (User Editor) ---
Array
(
    [0] => stdClass Object
        (
            [field_id] => 190
            [template_id] => 122
            [pos_x] => 259
            [pos_y] => 877
            [width] => 200
            [height] => 50
            [font_family] => Montserrat
            [font_size] => 20
            [font_color] => #000000
            [alignment] => left
            [default_text] => Novo Texto
            [line_height_multiplier] => 1.3
            [field_type] => text
            [container_shape] => rectangle
            [z_index_order] => 1
            [field_order] => 0
            [is_debug_mode] => 0
            [font_weight] => 700
            [name] => Campo 1
        )

    [1] => stdClass Object
        (
            [field_id] => 191
            [template_id] => 122
            [pos_x] => 355
            [pos_y] => 694
            [width] => 268
            [height] => 84
            [font_family] => Montserrat
            [font_size] => 20
            [font_color] => #000000
            [alignment] => left
            [default_text] => Novo Texto
            [line_height_multiplier] => 1.3
            [field_type] => text
            [container_shape] => rectangle
            [z_index_order] => 1
            [field_order] => 0
            [is_debug_mode] => 0
            [font_weight] => 700
            [name] => Campo 2
        )

)


[2025-09-09 19:36:50] --- DADOS DO TEMPLATE A SEREM ENVIADOS (User Editor) ---
stdClass Object
(
    [template_id] => 122
    [name] => teste
    [base_image_id] => 12656
    [base_image_url] => https://pluginsteste.unikothe.com.br/wp-content/uploads/2025/09/CRACHA-KOTHE-AGRICOLA-102.png
    [created_at] => 2025-09-09 18:12:43
    [category_id] => 1
)


[2025-09-09 19:36:50] --- DADOS DOS CAMPOS A SEREM ENVIADOS (User Editor) ---
Array
(
    [0] => stdClass Object
        (
            [field_id] => 190
            [template_id] => 122
            [pos_x] => 259
            [pos_y] => 877
            [width] => 200
            [height] => 50
            [font_family] => Montserrat
            [font_size] => 20
            [font_color] => #000000
            [alignment] => left
            [default_text] => Novo Texto
            [line_height_multiplier] => 1.3
            [field_type] => text
            [container_shape] => rectangle
            [z_index_order] => 1
            [field_order] => 0
            [is_debug_mode] => 0
            [font_weight] => 700
            [name] => Campo 1
        )

    [1] => stdClass Object
        (
            [field_id] => 191
            [template_id] => 122
            [pos_x] => 355
            [pos_y] => 694
            [width] => 268
            [height] => 84
            [font_family] => Montserrat
            [font_size] => 20
            [font_color] => #000000
            [alignment] => left
            [default_text] => Novo Texto
            [line_height_multiplier] => 1.3
            [field_type] => text
            [container_shape] => rectangle
            [z_index_order] => 1
            [field_order] => 0
            [is_debug_mode] => 0
            [font_weight] => 700
            [name] => Campo 2
        )

)


[2025-09-09 19:37:07] --- DADOS DO TEMPLATE A SEREM ENVIADOS (User Editor) ---
stdClass Object
(
    [template_id] => 122
    [name] => teste
    [base_image_id] => 12656
    [base_image_url] => https://pluginsteste.unikothe.com.br/wp-content/uploads/2025/09/CRACHA-KOTHE-AGRICOLA-102.png
    [created_at] => 2025-09-09 18:12:43
    [category_id] => 1
)


[2025-09-09 19:37:07] --- DADOS DOS CAMPOS A SEREM ENVIADOS (User Editor) ---
Array
(
    [0] => stdClass Object
        (
            [field_id] => 190
            [template_id] => 122
            [pos_x] => 259
            [pos_y] => 877
            [width] => 200
            [height] => 50
            [font_family] => Montserrat
            [font_size] => 20
            [font_color] => #000000
            [alignment] => left
            [default_text] => Novo Texto
            [line_height_multiplier] => 1.3
            [field_type] => text
            [container_shape] => rectangle
            [z_index_order] => 1
            [field_order] => 0
            [is_debug_mode] => 0
            [font_weight] => 700
            [name] => Campo 1
        )

    [1] => stdClass Object
        (
            [field_id] => 191
            [template_id] => 122
            [pos_x] => 355
            [pos_y] => 694
            [width] => 268
            [height] => 84
            [font_family] => Montserrat
            [font_size] => 20
            [font_color] => #000000
            [alignment] => left
            [default_text] => Novo Texto
            [line_height_multiplier] => 1.3
            [field_type] => text
            [container_shape] => rectangle
            [z_index_order] => 1
            [field_order] => 0
            [is_debug_mode] => 0
            [font_weight] => 700
            [name] => Campo 2
        )

)


[2025-09-09 19:41:27] --- DADOS DO TEMPLATE A SEREM ENVIADOS (User Editor) ---
stdClass Object
(
    [template_id] => 122
    [name] => teste
    [base_image_id] => 12656
    [base_image_url] => https://pluginsteste.unikothe.com.br/wp-content/uploads/2025/09/CRACHA-KOTHE-AGRICOLA-102.png
    [created_at] => 2025-09-09 18:12:43
    [category_id] => 1
)


[2025-09-09 19:41:27] --- DADOS DOS CAMPOS A SEREM ENVIADOS (User Editor) ---
Array
(
    [0] => stdClass Object
        (
            [field_id] => 190
            [template_id] => 122
            [pos_x] => 259
            [pos_y] => 877
            [width] => 200
            [height] => 50
            [font_family] => Montserrat
            [font_size] => 20
            [font_color] => #000000
            [alignment] => left
            [default_text] => Novo Texto
            [line_height_multiplier] => 1.3
            [field_type] => text
            [container_shape] => rectangle
            [z_index_order] => 1
            [field_order] => 0
            [is_debug_mode] => 0
            [font_weight] => 700
            [name] => Campo 1
        )

    [1] => stdClass Object
        (
            [field_id] => 191
            [template_id] => 122
            [pos_x] => 355
            [pos_y] => 694
            [width] => 268
            [height] => 84
            [font_family] => Montserrat
            [font_size] => 20
            [font_color] => #000000
            [alignment] => left
            [default_text] => Novo Texto
            [line_height_multiplier] => 1.3
            [field_type] => text
            [container_shape] => rectangle
            [z_index_order] => 1
            [field_order] => 0
            [is_debug_mode] => 0
            [font_weight] => 700
            [name] => Campo 2
        )

)


[2025-09-09 20:08:22] --- DADOS DO TEMPLATE ENVIADOS PARA O JAVASCRIPT ---
stdClass Object
(
    [template_id] => 122
    [name] => teste
    [base_image_id] => 12656
    [base_image_url] => https://pluginsteste.unikothe.com.br/wp-content/uploads/2025/09/CRACHA-KOTHE-AGRICOLA-102.png
    [created_at] => 2025-09-09 18:12:43
    [category_id] => 1
)


[2025-09-09 20:08:22] --- DADOS DOS CAMPOS ENVIADOS PARA O JAVASCRIPT ---
Array
(
    [0] => stdClass Object
        (
            [field_id] => 190
            [template_id] => 122
            [pos_x] => 259
            [pos_y] => 877
            [width] => 200
            [height] => 50
            [font_family] => Montserrat
            [font_size] => 20
            [font_color] => #000000
            [alignment] => left
            [default_text] => Novo Texto
            [line_height_multiplier] => 1.3
            [field_type] => text
            [container_shape] => rectangle
            [z_index_order] => 1
            [field_order] => 0
            [is_debug_mode] => 0
            [font_weight] => 700
            [name] => Campo 1
        )

    [1] => stdClass Object
        (
            [field_id] => 191
            [template_id] => 122
            [pos_x] => 355
            [pos_y] => 694
            [width] => 268
            [height] => 84
            [font_family] => Montserrat
            [font_size] => 20
            [font_color] => #000000
            [alignment] => left
            [default_text] => Novo Texto
            [line_height_multiplier] => 1.3
            [field_type] => text
            [container_shape] => rectangle
            [z_index_order] => 1
            [field_order] => 0
            [is_debug_mode] => 0
            [font_weight] => 700
            [name] => Campo 2
        )

)


[2025-09-09 20:40:46] --- DADOS DO TEMPLATE A SEREM ENVIADOS (User Editor) ---
stdClass Object
(
    [template_id] => 122
    [name] => teste
    [base_image_id] => 12656
    [base_image_url] => https://pluginsteste.unikothe.com.br/wp-content/uploads/2025/09/CRACHA-KOTHE-AGRICOLA-102.png
    [created_at] => 2025-09-09 18:12:43
    [category_id] => 1
)


[2025-09-09 20:40:46] --- DADOS DOS CAMPOS A SEREM ENVIADOS (User Editor) ---
Array
(
    [0] => stdClass Object
        (
            [field_id] => 190
            [template_id] => 122
            [pos_x] => 259
            [pos_y] => 877
            [width] => 200
            [height] => 50
            [font_family] => Montserrat
            [font_size] => 20
            [font_color] => #000000
            [alignment] => left
            [default_text] => Novo Texto
            [line_height_multiplier] => 1.3
            [field_type] => text
            [container_shape] => rectangle
            [z_index_order] => 1
            [field_order] => 0
            [is_debug_mode] => 0
            [font_weight] => 700
            [name] => Campo 1
        )

    [1] => stdClass Object
        (
            [field_id] => 191
            [template_id] => 122
            [pos_x] => 355
            [pos_y] => 694
            [width] => 268
            [height] => 84
            [font_family] => Montserrat
            [font_size] => 20
            [font_color] => #000000
            [alignment] => left
            [default_text] => Novo Texto
            [line_height_multiplier] => 1.3
            [field_type] => text
            [container_shape] => rectangle
            [z_index_order] => 1
            [field_order] => 0
            [is_debug_mode] => 0
            [font_weight] => 700
            [name] => Campo 2
        )

)


